# JRE version: OpenJDK Runtime Environment (11.0.10) (build 11.0.10+0-b96-7249189)
# Java VM: OpenJDK 64-Bit Server VM (11.0.10+0-b96-7249189, mixed mode, tiered, compressed oops, g1 gc, windows-amd64)
Heap:
 garbage-first heap   total 262144K, used 188416K [0x00000000e0000000, 0x0000000100000000)
  region size 1024K, 70 young (71680K), 10 survivors (10240K)
 Metaspace       used 109687K, capacity 113429K, committed 113772K, reserved 354304K
  class space    used 13598K, capacity 14947K, committed 15040K, reserved 253952K
GC Heap History (20 events):
Event: 11856.895 GC heap before
{Heap before GC invocations=30 (full 0):
 garbage-first heap   total 262144K, used 146574K [0x00000000e0000000, 0x0000000100000000)
  region size 1024K, 12 young (12288K), 9 survivors (9216K)
 Metaspace       used 107343K, capacity 110770K, committed 110956K, reserved 352256K
  class space    used 13460K, capacity 14717K, committed 14784K, reserved 253952K
}
Event: 11856.932 GC heap after
{Heap after GC invocations=31 (full 0):
 garbage-first heap   total 262144K, used 126564K [0x00000000e0000000, 0x0000000100000000)
  region size 1024K, 2 young (2048K), 2 survivors (2048K)
 Metaspace       used 107343K, capacity 110770K, committed 110956K, reserved 352256K
  class space    used 13460K, capacity 14717K, committed 14784K, reserved 253952K
}
Event: 11857.158 GC heap before
{Heap before GC invocations=31 (full 0):
 garbage-first heap   total 262144K, used 136804K [0x00000000e0000000, 0x0000000100000000)
  region size 1024K, 12 young (12288K), 2 survivors (2048K)
 Metaspace       used 107436K, capacity 110870K, committed 110956K, reserved 352256K
  class space    used 13464K, capacity 14724K, committed 14784K, reserved 253952K
}
Event: 11857.184 GC heap after
{Heap after GC invocations=32 (full 0):
 garbage-first heap   total 262144K, used 121856K [0x00000000e0000000, 0x0000000100000000)
  region size 1024K, 2 young (2048K), 2 survivors (2048K)
 Metaspace       used 107436K, capacity 110870K, committed 110956K, reserved 352256K
  class space    used 13464K, capacity 14724K, committed 14784K, reserved 253952K
}
Event: 11859.397 GC heap before
{Heap before GC invocations=32 (full 0):
 garbage-first heap   total 262144K, used 211968K [0x00000000e0000000, 0x0000000100000000)
  region size 1024K, 90 young (92160K), 2 survivors (2048K)
 Metaspace       used 107878K, capacity 111299K, committed 111468K, reserved 352256K
  class space    used 13484K, capacity 14754K, committed 14784K, reserved 253952K
}
Event: 11859.451 GC heap after
{Heap after GC invocations=33 (full 0):
 garbage-first heap   total 262144K, used 133120K [0x00000000e0000000, 0x0000000100000000)
  region size 1024K, 12 young (12288K), 12 survivors (12288K)
 Metaspace       used 107878K, capacity 111299K, committed 111468K, reserved 352256K
  class space    used 13484K, capacity 14754K, committed 14784K, reserved 253952K
}
Event: 12055.716 GC heap before
{Heap before GC invocations=34 (full 0):
 garbage-first heap   total 262144K, used 208896K [0x00000000e0000000, 0x0000000100000000)
  region size 1024K, 90 young (92160K), 12 survivors (12288K)
 Metaspace       used 108072K, capacity 111426K, committed 111724K, reserved 352256K
  class space    used 13454K, capacity 14709K, committed 14784K, reserved 253952K
}
Event: 12055.740 GC heap after
{Heap after GC invocations=35 (full 0):
 garbage-first heap   total 262144K, used 134475K [0x00000000e0000000, 0x0000000100000000)
  region size 1024K, 6 young (6144K), 6 survivors (6144K)
 Metaspace       used 108072K, capacity 111426K, committed 111724K, reserved 352256K
  class space    used 13454K, capacity 14709K, committed 14784K, reserved 253952K
}
Event: 12055.797 GC heap before
{Heap before GC invocations=35 (full 0):
 garbage-first heap   total 262144K, used 139595K [0x00000000e0000000, 0x0000000100000000)
  region size 1024K, 12 young (12288K), 6 survivors (6144K)
 Metaspace       used 108072K, capacity 111426K, committed 111724K, reserved 352256K
  class space    used 13454K, capacity 14709K, committed 14784K, reserved 253952K
}
Event: 12055.825 GC heap after
{Heap after GC invocations=36 (full 0):
 garbage-first heap   total 262144K, used 117043K [0x00000000e0000000, 0x0000000100000000)
  region size 1024K, 2 young (2048K), 2 survivors (2048K)
 Metaspace       used 108072K, capacity 111426K, committed 111724K, reserved 352256K
  class space    used 13454K, capacity 14709K, committed 14784K, reserved 253952K
}
Event: 12065.872 GC heap before
{Heap before GC invocations=36 (full 0):
 garbage-first heap   total 262144K, used 204083K [0x00000000e0000000, 0x0000000100000000)
  region size 1024K, 88 young (90112K), 2 survivors (2048K)
 Metaspace       used 108752K, capacity 112415K, committed 112620K, reserved 352256K
  class space    used 13540K, capacity 14854K, committed 14912K, reserved 253952K
}
Event: 12065.895 GC heap after
{Heap after GC invocations=37 (full 0):
 garbage-first heap   total 262144K, used 131072K [0x00000000e0000000, 0x0000000100000000)
  region size 1024K, 11 young (11264K), 11 survivors (11264K)
 Metaspace       used 108752K, capacity 112415K, committed 112620K, reserved 352256K
  class space    used 13540K, capacity 14854K, committed 14912K, reserved 253952K
}
Event: 12066.987 GC heap before
{Heap before GC invocations=37 (full 0):
 garbage-first heap   total 262144K, used 208896K [0x00000000e0000000, 0x0000000100000000)
  region size 1024K, 88 young (90112K), 11 survivors (11264K)
 Metaspace       used 109042K, capacity 112770K, committed 112876K, reserved 352256K
  class space    used 13551K, capacity 14875K, committed 14912K, reserved 253952K
}
Event: 12067.013 GC heap after
{Heap after GC invocations=38 (full 0):
 garbage-first heap   total 262144K, used 137209K [0x00000000e0000000, 0x0000000100000000)
  region size 1024K, 6 young (6144K), 6 survivors (6144K)
 Metaspace       used 109042K, capacity 112770K, committed 112876K, reserved 352256K
  class space    used 13551K, capacity 14875K, committed 14912K, reserved 253952K
}
Event: 12256.208 GC heap before
{Heap before GC invocations=39 (full 0):
 garbage-first heap   total 262144K, used 209913K [0x00000000e0000000, 0x0000000100000000)
  region size 1024K, 80 young (81920K), 6 survivors (6144K)
 Metaspace       used 109208K, capacity 112879K, committed 113132K, reserved 354304K
  class space    used 13556K, capacity 14883K, committed 14912K, reserved 253952K
}
Event: 12256.234 GC heap after
{Heap after GC invocations=40 (full 0):
 garbage-first heap   total 262144K, used 143112K [0x00000000e0000000, 0x0000000100000000)
  region size 1024K, 9 young (9216K), 9 survivors (9216K)
 Metaspace       used 109208K, capacity 112879K, committed 113132K, reserved 354304K
  class space    used 13556K, capacity 14883K, committed 14912K, reserved 253952K
}
Event: 12256.268 GC heap before
{Heap before GC invocations=40 (full 0):
 garbage-first heap   total 262144K, used 146184K [0x00000000e0000000, 0x0000000100000000)
  region size 1024K, 12 young (12288K), 9 survivors (9216K)
 Metaspace       used 109216K, capacity 112879K, committed 113132K, reserved 354304K
  class space    used 13556K, capacity 14883K, committed 14912K, reserved 253952K
}
Event: 12256.310 GC heap after
{Heap after GC invocations=41 (full 0):
 garbage-first heap   total 262144K, used 127002K [0x00000000e0000000, 0x0000000100000000)
  region size 1024K, 2 young (2048K), 2 survivors (2048K)
 Metaspace       used 109216K, capacity 112879K, committed 113132K, reserved 354304K
  class space    used 13556K, capacity 14883K, committed 14912K, reserved 253952K
}
Event: 12257.913 GC heap before
{Heap before GC invocations=41 (full 0):
 garbage-first heap   total 262144K, used 204826K [0x00000000e0000000, 0x0000000100000000)
  region size 1024K, 79 young (80896K), 2 survivors (2048K)
 Metaspace       used 109339K, capacity 113038K, committed 113132K, reserved 354304K
  class space    used 13560K, capacity 14888K, committed 14912K, reserved 253952K
}
Event: 12257.947 GC heap after
{Heap after GC invocations=42 (full 0):
 garbage-first heap   total 262144K, used 136192K [0x00000000e0000000, 0x0000000100000000)
  region size 1024K, 10 young (10240K), 10 survivors (10240K)
 Metaspace       used 109339K, capacity 113038K, committed 113132K, reserved 354304K
  class space    used 13560K, capacity 14888K, committed 14912K, reserved 253952K
}

